<?xml version="1.0" encoding="UTF-8"?>
<!-- Generated by org.testng.reporters.JUnitReportReporter -->
<testsuite skipped="0" hostname="krish" name="testngdependecny.r1" tests="7" failures="0" timestamp="2023-08-12T08:31:09 IST" time="9.690" errors="0">
  <testcase name="visiting" time="3.641" classname="testngdependecny.r1"/>
  <system-out/>
  <testcase name="max" time="0.165" classname="testngdependecny.r1"/>
  <system-out/>
  <testcase name="refresh" time="0.076" classname="testngdependecny.r1"/>
  <system-out/>
  <testcase name="refresh" time="0.861" classname="testngdependecny.r1"/>
  <system-out/>
  <testcase name="refresh" time="0.066" classname="testngdependecny.r1"/>
  <system-out/>
  <testcase name="clicking" time="1.112" classname="testngdependecny.r1"/>
  <system-out/>
  <testcase name="closing" time="3.769" classname="testngdependecny.r1"/>
  <system-out/>
</testsuite> <!-- testngdependecny.r1 -->
