<?xml version="1.0" encoding="UTF-8"?>
<!-- Generated by org.testng.reporters.JUnitReportReporter -->
<testsuite skipped="0" hostname="krish" name="testngwaits.t2" tests="1" failures="0" timestamp="2023-08-26T08:37:44 IST" time="3.631" errors="0">
  <testcase name="bt" time="3.631" classname="testngwaits.t2"/>
  <system-out/>
</testsuite> <!-- testngwaits.t2 -->
