<?xml version="1.0" encoding="UTF-8"?>
<!-- Generated by org.testng.reporters.JUnitReportReporter -->
<testsuite skipped="1" hostname="krish" name="testngattributes.t1" tests="3" failures="0" timestamp="2023-08-12T08:17:51 IST" time="0.003" errors="0">
  <testcase name="m2" time="0.002" classname="testngattributes.t1"/>
  <system-out/>
  <testcase name="ab" time="0.001" classname="testngattributes.t1"/>
  <system-out/>
  <testcase name="m1" classname="testngattributes.t1">
    <skipped/>
  </testcase> <!-- m1 -->
  <system-out/>
</testsuite> <!-- testngattributes.t1 -->
