<?xml version="1.0" encoding="UTF-8"?>
<!-- Generated by org.testng.reporters.JUnitReportReporter -->
<testsuite skipped="0" hostname="krish" name="autoit.a1" tests="1" failures="0" timestamp="2023-08-27T08:55:55 IST" time="12.753" errors="0">
  <testcase name="t1" time="12.753" classname="autoit.a1"/>
  <system-out/>
</testsuite> <!-- autoit.a1 -->
