<?xml version="1.0" encoding="UTF-8"?>
<!-- Generated by org.testng.reporters.JUnitReportReporter -->
<testsuite skipped="0" hostname="krish" name="dataprovider.f1" tests="3" failures="0" timestamp="2023-08-26T09:37:57 IST" time="27.255" errors="0">
  <testcase name="DataProvSampleTest" time="6.562" classname="dataprovider.f1"/>
  <system-out/>
  <testcase name="DataProvSampleTest" time="14.025" classname="dataprovider.f1"/>
  <system-out/>
  <testcase name="DataProvSampleTest" time="6.668" classname="dataprovider.f1"/>
  <system-out/>
</testsuite> <!-- dataprovider.f1 -->
